1550963651337	mozrunner::runner	INFO	Running command: "/usr/bin/firefox" "-marionette" "-foreground" "-no-remote" "-profile" "/tmp/rust_mozprofile.4d49kJp06wDs"
1550963652941	addons.webextension.screenshots@mozilla.org	WARN	Loading extension 'screenshots@mozilla.org': Reading manifest: Invalid host permission: resource://pdf.js/
1550963652942	addons.webextension.screenshots@mozilla.org	WARN	Loading extension 'screenshots@mozilla.org': Reading manifest: Invalid host permission: about:reader*

(firefox:4464): Gtk-WARNING **: Theme parsing error: <data>:1:34: Expected ')' in color definition

(firefox:4464): Gtk-WARNING **: Theme parsing error: <data>:1:77: Expected ')' in color definition
1550963660069	Marionette	INFO	Listening on port 35797
1550963660316	Marionette	WARN	TLS certificate errors will be ignored for this session
1550963664665	Marionette	INFO	Stopped listening on port 35797
1550963696586	mozrunner::runner	INFO	Running command: "/usr/bin/firefox" "-marionette" "-foreground" "-no-remote" "-profile" "/tmp/rust_mozprofile.BIFck3AltNFe"
1550963697857	addons.webextension.screenshots@mozilla.org	WARN	Loading extension 'screenshots@mozilla.org': Reading manifest: Invalid host permission: resource://pdf.js/
1550963697858	addons.webextension.screenshots@mozilla.org	WARN	Loading extension 'screenshots@mozilla.org': Reading manifest: Invalid host permission: about:reader*

(firefox:4777): Gtk-WARNING **: Theme parsing error: <data>:1:34: Expected ')' in color definition

(firefox:4777): Gtk-WARNING **: Theme parsing error: <data>:1:77: Expected ')' in color definition
1550963704123	Marionette	INFO	Listening on port 39825
1550963704259	Marionette	WARN	TLS certificate errors will be ignored for this session
console.error: BroadcastService: 
  receivedBroadcastMessage: handler for
  remote-settings/monitor_changes
  threw error:
  Message: Error: Polling for changes failed: NetworkError when attempting to fetch resource..
  Stack:
    remoteSettingsFunction/remoteSettings.pollChanges@resource://services-settings/remote-settings.js:188:13

1550963768363	Marionette	INFO	Stopped listening on port 39825
